Config:
{'lr': 0.001, 'data_dir': 'processed_data_noise', 'diffnet': 'TransformerConcatLinear', 'encoder_dim': 256, 'tf_layer': 3, 'epochs': 100, 'batch_size': 256, 'eval_batch_size': 256, 'k_eval': 25, 'seed': 123, 'eval_every': 5, 'eval_at': 20, 'eval_mode': False, 'sampling': 'ddpm', 'conf': 'None', 'debug': False, 'preprocess_workers': 0, 'offline_scene_graph': True, 'dynamic_edges': True, 'edge_state_combine_method': 'sum', 'edge_influence_combine_method': 'attention', 'edge_addition_filter': [0.25, 0.5, 0.75, 1.0], 'edge_removal_filter': [1.0, 0.0], 'override_attention_radius': [], 'incl_robot_node': False, 'map_encoding': False, 'augment': True, 'node_freq_mult_train': False, 'node_freq_mult_eval': False, 'scene_freq_mult_train': False, 'scene_freq_mult_eval': False, 'scene_freq_mult_viz': False, 'no_edge_encoding': False, 'device': 'cuda', 'eval_device': 'None', 'config': 'configs/baseline.yaml', 'dataset': 'nuScenes', 'exp_name': 'baseline_nuScenes'}


Eval on:
nuScenes


Best of 20: Epoch 5 ADE: 2.4639250028189568 FDE: 4.409871687038118
Best of 20: Epoch 10 ADE: 2.482057160625627 FDE: 4.434329911488074
Best of 20: Epoch 15 ADE: 2.4803734502786994 FDE: 4.433100056895711
Best of 20: Epoch 20 ADE: 2.46928476609444 FDE: 4.406422204812797
Best of 20: Epoch 25 ADE: 2.4635941261120027 FDE: 4.379373616569211
Best of 20: Epoch 30 ADE: 2.4671615817773813 FDE: 4.3996823248809465
Best of 20: Epoch 35 ADE: 2.4820052741694028 FDE: 4.42703063126664
Best of 20: Epoch 40 ADE: 2.4919839007579565 FDE: 4.470571342281559
Best of 20: Epoch 45 ADE: 2.481188738479255 FDE: 4.42070630528617
Best of 20: Epoch 50 ADE: 2.473415134077887 FDE: 4.423008889173177
Best of 20: Epoch 55 ADE: 2.4866385642393785 FDE: 4.438610218413711
Best of 20: Epoch 60 ADE: 2.4762744700907704 FDE: 4.4352960273629805
Best of 20: Epoch 65 ADE: 2.4861859376146405 FDE: 4.4397060559303005
Best of 20: Epoch 70 ADE: 2.465574513991622 FDE: 4.431323018465028
Best of 20: Epoch 75 ADE: 2.4847695855023986 FDE: 4.433091419527749
Best of 20: Epoch 80 ADE: 2.48524463833243 FDE: 4.444904867268001
Best of 20: Epoch 85 ADE: 2.4784440207086553 FDE: 4.43154870635721
Best of 20: Epoch 90 ADE: 2.474326179065592 FDE: 4.433899335299607
Best of 20: Epoch 95 ADE: 2.477147586295794 FDE: 4.439525838574317
Best of 20: Epoch 100 ADE: 2.4726180628338352 FDE: 4.426008368048017
