Config:
{'lr': 0.001, 'data_dir': 'processed_data_noise', 'diffnet': 'TransformerConcatLinear', 'encoder_dim': 256, 'tf_layer': 3, 'epochs': 20, 'batch_size': 256, 'eval_batch_size': 256, 'k_eval': 25, 'seed': 123, 'eval_every': 1, 'eval_at': 10, 'eval_mode': False, 'sampling': 'ddpm', 'conf': 'None', 'debug': False, 'preprocess_workers': 0, 'offline_scene_graph': True, 'dynamic_edges': True, 'edge_state_combine_method': 'sum', 'edge_influence_combine_method': 'attention', 'edge_addition_filter': [0.25, 0.5, 0.75, 1.0], 'edge_removal_filter': [1.0, 0.0], 'override_attention_radius': [], 'incl_robot_node': False, 'map_encoding': False, 'augment': True, 'node_freq_mult_train': False, 'node_freq_mult_eval': False, 'scene_freq_mult_train': False, 'scene_freq_mult_eval': False, 'scene_freq_mult_viz': False, 'no_edge_encoding': False, 'device': 'cuda', 'eval_device': 'None', 'config': 'configs/baseline.yaml', 'dataset': 'eth', 'exp_name': 'baseline_eth'}


Eval on:
eth


Config:
{'lr': 0.001, 'data_dir': 'processed_data_noise', 'diffnet': 'TransformerConcatLinear', 'encoder_dim': 256, 'tf_layer': 3, 'epochs': 20, 'batch_size': 256, 'eval_batch_size': 256, 'k_eval': 25, 'seed': 123, 'eval_every': 1, 'eval_at': 10, 'eval_mode': False, 'sampling': 'ddpm', 'conf': 'None', 'debug': False, 'preprocess_workers': 0, 'offline_scene_graph': True, 'dynamic_edges': True, 'edge_state_combine_method': 'sum', 'edge_influence_combine_method': 'attention', 'edge_addition_filter': [0.25, 0.5, 0.75, 1.0], 'edge_removal_filter': [1.0, 0.0], 'override_attention_radius': [], 'incl_robot_node': False, 'map_encoding': False, 'augment': True, 'node_freq_mult_train': False, 'node_freq_mult_eval': False, 'scene_freq_mult_train': False, 'scene_freq_mult_eval': False, 'scene_freq_mult_viz': False, 'no_edge_encoding': False, 'device': 'cuda', 'eval_device': 'None', 'config': 'configs/baseline.yaml', 'dataset': 'eth', 'exp_name': 'baseline_eth'}


Eval on:
eth


Best of 20: Epoch 1 ADE: nan FDE: nan
Best of 20: Epoch 2 ADE: nan FDE: nan
Best of 20: Epoch 3 ADE: nan FDE: nan
Best of 20: Epoch 4 ADE: nan FDE: nan
Best of 20: Epoch 5 ADE: nan FDE: nan
Best of 20: Epoch 6 ADE: nan FDE: nan
Best of 20: Epoch 7 ADE: nan FDE: nan
Best of 20: Epoch 8 ADE: nan FDE: nan
Best of 20: Epoch 9 ADE: nan FDE: nan
Best of 20: Epoch 10 ADE: nan FDE: nan
Best of 20: Epoch 11 ADE: nan FDE: nan
Best of 20: Epoch 12 ADE: nan FDE: nan
Best of 20: Epoch 13 ADE: nan FDE: nan
Best of 20: Epoch 14 ADE: nan FDE: nan
Best of 20: Epoch 15 ADE: nan FDE: nan
Best of 20: Epoch 16 ADE: nan FDE: nan
Best of 20: Epoch 17 ADE: nan FDE: nan
Best of 20: Epoch 18 ADE: nan FDE: nan
Best of 20: Epoch 19 ADE: nan FDE: nan
Best of 20: Epoch 20 ADE: nan FDE: nan
